<?xml version="1.0" encoding="UTF-8"?>
<!-- Generated by org.testng.reporters.JUnitXMLReporter -->
<testsuite ignored="0" hostname="Nethrashivani" failures="1" tests="1" name="Default test" time="0.767" errors="0" timestamp="2026-04-17T21:51:59 IST">
  <testcase classname="io.cucumber.testng.AbstractTestNGCucumberTests" name="runScenario" time="0.163">
    <failure type="io.cucumber.testng.UndefinedStepException" message="The step &amp;apos;user opens booking homepage for registration&amp;apos; and 20 other step(s) are undefined.
You can implement these steps using the snippet(s) below:

@Given(&amp;quot;user opens booking homepage for registration&amp;quot;)
public void user_opens_booking_homepage_for_registration() {
    // Write code here that turns the phrase above into concrete actions
    throw new io.cucumber.java.PendingException();
}
@When(&amp;quot;user dismisses popup if visible&amp;quot;)
public void user_dismisses_popup_if_visible() {
    // Write code here that turns the phrase above into concrete actions
    throw new io.cucumber.java.PendingException();
}
@When(&amp;quot;user selects register option&amp;quot;)
public void user_selects_register_option() {
    // Write code here that turns the phrase above into concrete actions
    throw new io.cucumber.java.PendingException();
}
@When(&amp;quot;user provides email and proceeds&amp;quot;)
public void user_provides_email_and_proceeds() {
    // Write code here that turns the phrase above into concrete actions
    throw new io.cucumber.java.PendingException();
}
@Then(&amp;quot;user completes CAPTCHA and OTP verification&amp;quot;)
public void user_completes_captcha_and_otp_verification() {
    // Write code here that turns the phrase above into concrete actions
    throw new io.cucumber.java.PendingException();
}
@Given(&amp;quot;user launches booking homepage for flights&amp;quot;)
public void user_launches_booking_homepage_for_flights() {
    // Write code here that turns the phrase above into concrete actions
    throw new io.cucumber.java.PendingException();
}
@When(&amp;quot;user opens flights section&amp;quot;)
public void user_opens_flights_section() {
    // Write code here that turns the phrase above into concrete actions
    throw new io.cucumber.java.PendingException();
}
@When(&amp;quot;user chooses one way trip option&amp;quot;)
public void user_chooses_one_way_trip_option() {
    // Write code here that turns the phrase above into concrete actions
    throw new io.cucumber.java.PendingException();
}
@When(&amp;quot;user selects multiple departure locations&amp;quot;)
public void user_selects_multiple_departure_locations() {
    // Write code here that turns the phrase above into concrete actions
    throw new io.cucumber.java.PendingException();
}
@When(&amp;quot;user selects multiple destination locations&amp;quot;)
public void user_selects_multiple_destination_locations() {
    // Write code here that turns the phrase above into concrete actions
    throw new io.cucumber.java.PendingException();
}
@When(&amp;quot;user picks travel date&amp;quot;)
public void user_picks_travel_date() {
    // Write code here that turns the phrase above into concrete actions
    throw new io.cucumber.java.PendingException();
}
@When(&amp;quot;user configures travellers and children ages&amp;quot;)
public void user_configures_travellers_and_children_ages() {
    // Write code here that turns the phrase above into concrete actions
    throw new io.cucumber.java.PendingException();
}
@When(&amp;quot;user triggers flight search&amp;quot;)
public void user_triggers_flight_search() {
    // Write code here that turns the phrase above into concrete actions
    throw new io.cucumber.java.PendingException();
}
@Then(&amp;quot;user views available flight results&amp;quot;)
public void user_views_available_flight_results() {
    // Write code here that turns the phrase above into concrete actions
    throw new io.cucumber.java.PendingException();
}
@Then(&amp;quot;user selects first flight and proceeds&amp;quot;)
public void user_selects_first_flight_and_proceeds() {
    // Write code here that turns the phrase above into concrete actions
    throw new io.cucumber.java.PendingException();
}
@Then(&amp;quot;user lands on traveller details section&amp;quot;)
public void user_lands_on_traveller_details_section() {
    // Write code here that turns the phrase above into concrete actions
    throw new io.cucumber.java.PendingException();
}
@When(&amp;quot;user fills traveller personal information&amp;quot;)
public void user_fills_traveller_personal_information() {
    // Write code here that turns the phrase above into concrete actions
    throw new io.cucumber.java.PendingException();
}
@When(&amp;quot;user fills contact information and proceeds&amp;quot;)
public void user_fills_contact_information_and_proceeds() {
    // Write code here that turns the phrase above into concrete actions
    throw new io.cucumber.java.PendingException();
}
@When(&amp;quot;user selects ticket type and proceeds&amp;quot;)
public void user_selects_ticket_type_and_proceeds() {
    // Write code here that turns the phrase above into concrete actions
    throw new io.cucumber.java.PendingException();
}
@When(&amp;quot;user skips seat selection&amp;quot;)
public void user_skips_seat_selection() {
    // Write code here that turns the phrase above into concrete actions
    throw new io.cucumber.java.PendingException();
}
@Then(&amp;quot;user reaches payment section&amp;quot;)
public void user_reaches_payment_section() {
    // Write code here that turns the phrase above into concrete actions
    throw new io.cucumber.java.PendingException();
}
">
      <![CDATA[io.cucumber.testng.UndefinedStepException: The step 'user opens booking homepage for registration' and 20 other step(s) are undefined.
You can implement these steps using the snippet(s) below:

@Given("user opens booking homepage for registration")
public void user_opens_booking_homepage_for_registration() {
    // Write code here that turns the phrase above into concrete actions
    throw new io.cucumber.java.PendingException();
}
@When("user dismisses popup if visible")
public void user_dismisses_popup_if_visible() {
    // Write code here that turns the phrase above into concrete actions
    throw new io.cucumber.java.PendingException();
}
@When("user selects register option")
public void user_selects_register_option() {
    // Write code here that turns the phrase above into concrete actions
    throw new io.cucumber.java.PendingException();
}
@When("user provides email and proceeds")
public void user_provides_email_and_proceeds() {
    // Write code here that turns the phrase above into concrete actions
    throw new io.cucumber.java.PendingException();
}
@Then("user completes CAPTCHA and OTP verification")
public void user_completes_captcha_and_otp_verification() {
    // Write code here that turns the phrase above into concrete actions
    throw new io.cucumber.java.PendingException();
}
@Given("user launches booking homepage for flights")
public void user_launches_booking_homepage_for_flights() {
    // Write code here that turns the phrase above into concrete actions
    throw new io.cucumber.java.PendingException();
}
@When("user opens flights section")
public void user_opens_flights_section() {
    // Write code here that turns the phrase above into concrete actions
    throw new io.cucumber.java.PendingException();
}
@When("user chooses one way trip option")
public void user_chooses_one_way_trip_option() {
    // Write code here that turns the phrase above into concrete actions
    throw new io.cucumber.java.PendingException();
}
@When("user selects multiple departure locations")
public void user_selects_multiple_departure_locations() {
    // Write code here that turns the phrase above into concrete actions
    throw new io.cucumber.java.PendingException();
}
@When("user selects multiple destination locations")
public void user_selects_multiple_destination_locations() {
    // Write code here that turns the phrase above into concrete actions
    throw new io.cucumber.java.PendingException();
}
@When("user picks travel date")
public void user_picks_travel_date() {
    // Write code here that turns the phrase above into concrete actions
    throw new io.cucumber.java.PendingException();
}
@When("user configures travellers and children ages")
public void user_configures_travellers_and_children_ages() {
    // Write code here that turns the phrase above into concrete actions
    throw new io.cucumber.java.PendingException();
}
@When("user triggers flight search")
public void user_triggers_flight_search() {
    // Write code here that turns the phrase above into concrete actions
    throw new io.cucumber.java.PendingException();
}
@Then("user views available flight results")
public void user_views_available_flight_results() {
    // Write code here that turns the phrase above into concrete actions
    throw new io.cucumber.java.PendingException();
}
@Then("user selects first flight and proceeds")
public void user_selects_first_flight_and_proceeds() {
    // Write code here that turns the phrase above into concrete actions
    throw new io.cucumber.java.PendingException();
}
@Then("user lands on traveller details section")
public void user_lands_on_traveller_details_section() {
    // Write code here that turns the phrase above into concrete actions
    throw new io.cucumber.java.PendingException();
}
@When("user fills traveller personal information")
public void user_fills_traveller_personal_information() {
    // Write code here that turns the phrase above into concrete actions
    throw new io.cucumber.java.PendingException();
}
@When("user fills contact information and proceeds")
public void user_fills_contact_information_and_proceeds() {
    // Write code here that turns the phrase above into concrete actions
    throw new io.cucumber.java.PendingException();
}
@When("user selects ticket type and proceeds")
public void user_selects_ticket_type_and_proceeds() {
    // Write code here that turns the phrase above into concrete actions
    throw new io.cucumber.java.PendingException();
}
@When("user skips seat selection")
public void user_skips_seat_selection() {
    // Write code here that turns the phrase above into concrete actions
    throw new io.cucumber.java.PendingException();
}
@Then("user reaches payment section")
public void user_reaches_payment_section() {
    // Write code here that turns the phrase above into concrete actions
    throw new io.cucumber.java.PendingException();
}

at ✽.user opens booking homepage for registration(file:///C:/SeleniumCapgeminiTraining/Group4_sprint/src/test/java/featureFile/FT_EndToEndBooking.feature:4)
]]>
    </failure>
  </testcase> <!-- runScenario -->
</testsuite> <!-- Default test -->
