<?xml version="1.0" encoding="UTF-8"?>
<testng-results ignored="0" total="1" passed="0" failed="1" skipped="0">
  <reporter-output>
  </reporter-output>
  <suite started-at="2026-04-17T21:51:58 IST" name="Default suite" finished-at="2026-04-17T21:51:59 IST" duration-ms="767">
    <groups>
      <group name="cucumber">
        <method signature="AbstractTestNGCucumberTests.runScenario(io.cucumber.testng.PickleWrapper,io.cucumber.testng.FeatureWrapper)[pri:0, instance:testRunner.TestRunnerIO@ae13544]" name="runScenario" class="io.cucumber.testng.AbstractTestNGCucumberTests"/>
      </group> <!-- cucumber -->
    </groups>
    <test started-at="2026-04-17T21:51:58 IST" name="Default test" finished-at="2026-04-17T21:51:59 IST" duration-ms="767">
      <class name="testRunner.TestRunnerIO">
        <test-method is-config="true" signature="setUpClass(org.testng.ITestContext)[pri:0, instance:testRunner.TestRunnerIO@ae13544]" started-at="2026-04-17T21:51:58 IST" name="setUpClass" finished-at="2026-04-17T21:51:59 IST" duration-ms="531" status="PASS">
          <params>
            <param index="0">
              <value>
                <![CDATA[org.testng.TestRunner@6b85300e]]>
              </value>
            </param>
          </params>
          <reporter-output>
          </reporter-output>
        </test-method> <!-- setUpClass -->
        <test-method signature="runScenario(io.cucumber.testng.PickleWrapper,io.cucumber.testng.FeatureWrapper)[pri:0, instance:testRunner.TestRunnerIO@ae13544]" started-at="2026-04-17T21:51:59 IST" name="runScenario" description="Runs Cucumber Scenarios" data-provider="scenarios" finished-at="2026-04-17T21:51:59 IST" duration-ms="163" status="FAIL">
          <params>
            <param index="0">
              <value>
                <![CDATA["User books flight with multiple departure and destination"]]>
              </value>
            </param>
            <param index="1">
              <value>
                <![CDATA["Flight Booking Flow"]]>
              </value>
            </param>
          </params>
          <exception class="io.cucumber.testng.UndefinedStepException">
            <message>
              <![CDATA[The step 'user opens booking homepage for registration' and 20 other step(s) are undefined.
You can implement these steps using the snippet(s) below:

@Given("user opens booking homepage for registration")
public void user_opens_booking_homepage_for_registration() {
    // Write code here that turns the phrase above into concrete actions
    throw new io.cucumber.java.PendingException();
}
@When("user dismisses popup if visible")
public void user_dismisses_popup_if_visible() {
    // Write code here that turns the phrase above into concrete actions
    throw new io.cucumber.java.PendingException();
}
@When("user selects register option")
public void user_selects_register_option() {
    // Write code here that turns the phrase above into concrete actions
    throw new io.cucumber.java.PendingException();
}
@When("user provides email and proceeds")
public void user_provides_email_and_proceeds() {
    // Write code here that turns the phrase above into concrete actions
    throw new io.cucumber.java.PendingException();
}
@Then("user completes CAPTCHA and OTP verification")
public void user_completes_captcha_and_otp_verification() {
    // Write code here that turns the phrase above into concrete actions
    throw new io.cucumber.java.PendingException();
}
@Given("user launches booking homepage for flights")
public void user_launches_booking_homepage_for_flights() {
    // Write code here that turns the phrase above into concrete actions
    throw new io.cucumber.java.PendingException();
}
@When("user opens flights section")
public void user_opens_flights_section() {
    // Write code here that turns the phrase above into concrete actions
    throw new io.cucumber.java.PendingException();
}
@When("user chooses one way trip option")
public void user_chooses_one_way_trip_option() {
    // Write code here that turns the phrase above into concrete actions
    throw new io.cucumber.java.PendingException();
}
@When("user selects multiple departure locations")
public void user_selects_multiple_departure_locations() {
    // Write code here that turns the phrase above into concrete actions
    throw new io.cucumber.java.PendingException();
}
@When("user selects multiple destination locations")
public void user_selects_multiple_destination_locations() {
    // Write code here that turns the phrase above into concrete actions
    throw new io.cucumber.java.PendingException();
}
@When("user picks travel date")
public void user_picks_travel_date() {
    // Write code here that turns the phrase above into concrete actions
    throw new io.cucumber.java.PendingException();
}
@When("user configures travellers and children ages")
public void user_configures_travellers_and_children_ages() {
    // Write code here that turns the phrase above into concrete actions
    throw new io.cucumber.java.PendingException();
}
@When("user triggers flight search")
public void user_triggers_flight_search() {
    // Write code here that turns the phrase above into concrete actions
    throw new io.cucumber.java.PendingException();
}
@Then("user views available flight results")
public void user_views_available_flight_results() {
    // Write code here that turns the phrase above into concrete actions
    throw new io.cucumber.java.PendingException();
}
@Then("user selects first flight and proceeds")
public void user_selects_first_flight_and_proceeds() {
    // Write code here that turns the phrase above into concrete actions
    throw new io.cucumber.java.PendingException();
}
@Then("user lands on traveller details section")
public void user_lands_on_traveller_details_section() {
    // Write code here that turns the phrase above into concrete actions
    throw new io.cucumber.java.PendingException();
}
@When("user fills traveller personal information")
public void user_fills_traveller_personal_information() {
    // Write code here that turns the phrase above into concrete actions
    throw new io.cucumber.java.PendingException();
}
@When("user fills contact information and proceeds")
public void user_fills_contact_information_and_proceeds() {
    // Write code here that turns the phrase above into concrete actions
    throw new io.cucumber.java.PendingException();
}
@When("user selects ticket type and proceeds")
public void user_selects_ticket_type_and_proceeds() {
    // Write code here that turns the phrase above into concrete actions
    throw new io.cucumber.java.PendingException();
}
@When("user skips seat selection")
public void user_skips_seat_selection() {
    // Write code here that turns the phrase above into concrete actions
    throw new io.cucumber.java.PendingException();
}
@Then("user reaches payment section")
public void user_reaches_payment_section() {
    // Write code here that turns the phrase above into concrete actions
    throw new io.cucumber.java.PendingException();
}
]]>
            </message>
            <full-stacktrace>
              <![CDATA[io.cucumber.testng.UndefinedStepException: The step 'user opens booking homepage for registration' and 20 other step(s) are undefined.
You can implement these steps using the snippet(s) below:

@Given("user opens booking homepage for registration")
public void user_opens_booking_homepage_for_registration() {
    // Write code here that turns the phrase above into concrete actions
    throw new io.cucumber.java.PendingException();
}
@When("user dismisses popup if visible")
public void user_dismisses_popup_if_visible() {
    // Write code here that turns the phrase above into concrete actions
    throw new io.cucumber.java.PendingException();
}
@When("user selects register option")
public void user_selects_register_option() {
    // Write code here that turns the phrase above into concrete actions
    throw new io.cucumber.java.PendingException();
}
@When("user provides email and proceeds")
public void user_provides_email_and_proceeds() {
    // Write code here that turns the phrase above into concrete actions
    throw new io.cucumber.java.PendingException();
}
@Then("user completes CAPTCHA and OTP verification")
public void user_completes_captcha_and_otp_verification() {
    // Write code here that turns the phrase above into concrete actions
    throw new io.cucumber.java.PendingException();
}
@Given("user launches booking homepage for flights")
public void user_launches_booking_homepage_for_flights() {
    // Write code here that turns the phrase above into concrete actions
    throw new io.cucumber.java.PendingException();
}
@When("user opens flights section")
public void user_opens_flights_section() {
    // Write code here that turns the phrase above into concrete actions
    throw new io.cucumber.java.PendingException();
}
@When("user chooses one way trip option")
public void user_chooses_one_way_trip_option() {
    // Write code here that turns the phrase above into concrete actions
    throw new io.cucumber.java.PendingException();
}
@When("user selects multiple departure locations")
public void user_selects_multiple_departure_locations() {
    // Write code here that turns the phrase above into concrete actions
    throw new io.cucumber.java.PendingException();
}
@When("user selects multiple destination locations")
public void user_selects_multiple_destination_locations() {
    // Write code here that turns the phrase above into concrete actions
    throw new io.cucumber.java.PendingException();
}
@When("user picks travel date")
public void user_picks_travel_date() {
    // Write code here that turns the phrase above into concrete actions
    throw new io.cucumber.java.PendingException();
}
@When("user configures travellers and children ages")
public void user_configures_travellers_and_children_ages() {
    // Write code here that turns the phrase above into concrete actions
    throw new io.cucumber.java.PendingException();
}
@When("user triggers flight search")
public void user_triggers_flight_search() {
    // Write code here that turns the phrase above into concrete actions
    throw new io.cucumber.java.PendingException();
}
@Then("user views available flight results")
public void user_views_available_flight_results() {
    // Write code here that turns the phrase above into concrete actions
    throw new io.cucumber.java.PendingException();
}
@Then("user selects first flight and proceeds")
public void user_selects_first_flight_and_proceeds() {
    // Write code here that turns the phrase above into concrete actions
    throw new io.cucumber.java.PendingException();
}
@Then("user lands on traveller details section")
public void user_lands_on_traveller_details_section() {
    // Write code here that turns the phrase above into concrete actions
    throw new io.cucumber.java.PendingException();
}
@When("user fills traveller personal information")
public void user_fills_traveller_personal_information() {
    // Write code here that turns the phrase above into concrete actions
    throw new io.cucumber.java.PendingException();
}
@When("user fills contact information and proceeds")
public void user_fills_contact_information_and_proceeds() {
    // Write code here that turns the phrase above into concrete actions
    throw new io.cucumber.java.PendingException();
}
@When("user selects ticket type and proceeds")
public void user_selects_ticket_type_and_proceeds() {
    // Write code here that turns the phrase above into concrete actions
    throw new io.cucumber.java.PendingException();
}
@When("user skips seat selection")
public void user_skips_seat_selection() {
    // Write code here that turns the phrase above into concrete actions
    throw new io.cucumber.java.PendingException();
}
@Then("user reaches payment section")
public void user_reaches_payment_section() {
    // Write code here that turns the phrase above into concrete actions
    throw new io.cucumber.java.PendingException();
}

at ✽.user opens booking homepage for registration(file:///C:/SeleniumCapgeminiTraining/Group4_sprint/src/test/java/featureFile/FT_EndToEndBooking.feature:4)
]]>
            </full-stacktrace>
          </exception> <!-- io.cucumber.testng.UndefinedStepException -->
          <reporter-output>
          </reporter-output>
        </test-method> <!-- runScenario -->
        <test-method is-config="true" signature="tearDownClass()[pri:0, instance:testRunner.TestRunnerIO@ae13544]" started-at="2026-04-17T21:51:59 IST" name="tearDownClass" finished-at="2026-04-17T21:51:59 IST" duration-ms="21" status="PASS">
          <reporter-output>
          </reporter-output>
        </test-method> <!-- tearDownClass -->
      </class> <!-- testRunner.TestRunnerIO -->
    </test> <!-- Default test -->
  </suite> <!-- Default suite -->
</testng-results>
