<?xml version="1.0" encoding="UTF-8"?>
<!-- Generated by org.testng.reporters.JUnitReportReporter -->
<testsuite hostname="Nethrashivani" failures="0" tests="1" name="testRunner.TestRunnerIO" time="0.163" errors="1" timestamp="2026-04-17T21:51:59 IST" skipped="0">
  <testcase classname="testRunner.TestRunnerIO" name="runScenario" time="0.163">
    <error message="The step &#039;user opens booking homepage for registration&#039; and 20 other step(s) are undefined.
You can implement these steps using the snippet(s) below:

@Given(&quot;user opens booking homepage for registration&quot;)
public void user_opens_booking_homepage_for_registration() {
    // Write code here that turns the phrase above into concrete actions
    throw new io.cucumber.java.PendingException();
}
@When(&quot;user dismisses popup if visible&quot;)
public void user_dismisses_popup_if_visible() {
    // Write code here that turns the phrase above into concrete actions
    throw new io.cucumber.java.PendingException();
}
@When(&quot;user selects register option&quot;)
public void user_selects_register_option() {
    // Write code here that turns the phrase above into concrete actions
    throw new io.cucumber.java.PendingException();
}
@When(&quot;user provides email and proceeds&quot;)
public void user_provides_email_and_proceeds() {
    // Write code here that turns the phrase above into concrete actions
    throw new io.cucumber.java.PendingException();
}
@Then(&quot;user completes CAPTCHA and OTP verification&quot;)
public void user_completes_captcha_and_otp_verification() {
    // Write code here that turns the phrase above into concrete actions
    throw new io.cucumber.java.PendingException();
}
@Given(&quot;user launches booking homepage for flights&quot;)
public void user_launches_booking_homepage_for_flights() {
    // Write code here that turns the phrase above into concrete actions
    throw new io.cucumber.java.PendingException();
}
@When(&quot;user opens flights section&quot;)
public void user_opens_flights_section() {
    // Write code here that turns the phrase above into concrete actions
    throw new io.cucumber.java.PendingException();
}
@When(&quot;user chooses one way trip option&quot;)
public void user_chooses_one_way_trip_option() {
    // Write code here that turns the phrase above into concrete actions
    throw new io.cucumber.java.PendingException();
}
@When(&quot;user selects multiple departure locations&quot;)
public void user_selects_multiple_departure_locations() {
    // Write code here that turns the phrase above into concrete actions
    throw new io.cucumber.java.PendingException();
}
@When(&quot;user selects multiple destination locations&quot;)
public void user_selects_multiple_destination_locations() {
    // Write code here that turns the phrase above into concrete actions
    throw new io.cucumber.java.PendingException();
}
@When(&quot;user picks travel date&quot;)
public void user_picks_travel_date() {
    // Write code here that turns the phrase above into concrete actions
    throw new io.cucumber.java.PendingException();
}
@When(&quot;user configures travellers and children ages&quot;)
public void user_configures_travellers_and_children_ages() {
    // Write code here that turns the phrase above into concrete actions
    throw new io.cucumber.java.PendingException();
}
@When(&quot;user triggers flight search&quot;)
public void user_triggers_flight_search() {
    // Write code here that turns the phrase above into concrete actions
    throw new io.cucumber.java.PendingException();
}
@Then(&quot;user views available flight results&quot;)
public void user_views_available_flight_results() {
    // Write code here that turns the phrase above into concrete actions
    throw new io.cucumber.java.PendingException();
}
@Then(&quot;user selects first flight and proceeds&quot;)
public void user_selects_first_flight_and_proceeds() {
    // Write code here that turns the phrase above into concrete actions
    throw new io.cucumber.java.PendingException();
}
@Then(&quot;user lands on traveller details section&quot;)
public void user_lands_on_traveller_details_section() {
    // Write code here that turns the phrase above into concrete actions
    throw new io.cucumber.java.PendingException();
}
@When(&quot;user fills traveller personal information&quot;)
public void user_fills_traveller_personal_information() {
    // Write code here that turns the phrase above into concrete actions
    throw new io.cucumber.java.PendingException();
}
@When(&quot;user fills contact information and proceeds&quot;)
public void user_fills_contact_information_and_proceeds() {
    // Write code here that turns the phrase above into concrete actions
    throw new io.cucumber.java.PendingException();
}
@When(&quot;user selects ticket type and proceeds&quot;)
public void user_selects_ticket_type_and_proceeds() {
    // Write code here that turns the phrase above into concrete actions
    throw new io.cucumber.java.PendingException();
}
@When(&quot;user skips seat selection&quot;)
public void user_skips_seat_selection() {
    // Write code here that turns the phrase above into concrete actions
    throw new io.cucumber.java.PendingException();
}
@Then(&quot;user reaches payment section&quot;)
public void user_reaches_payment_section() {
    // Write code here that turns the phrase above into concrete actions
    throw new io.cucumber.java.PendingException();
}
" type="io.cucumber.testng.UndefinedStepException">
      <![CDATA[io.cucumber.testng.UndefinedStepException: The step 'user opens booking homepage for registration' and 20 other step(s) are undefined.
You can implement these steps using the snippet(s) below:

@Given("user opens booking homepage for registration")
public void user_opens_booking_homepage_for_registration() {
    // Write code here that turns the phrase above into concrete actions
    throw new io.cucumber.java.PendingException();
}
@When("user dismisses popup if visible")
public void user_dismisses_popup_if_visible() {
    // Write code here that turns the phrase above into concrete actions
    throw new io.cucumber.java.PendingException();
}
@When("user selects register option")
public void user_selects_register_option() {
    // Write code here that turns the phrase above into concrete actions
    throw new io.cucumber.java.PendingException();
}
@When("user provides email and proceeds")
public void user_provides_email_and_proceeds() {
    // Write code here that turns the phrase above into concrete actions
    throw new io.cucumber.java.PendingException();
}
@Then("user completes CAPTCHA and OTP verification")
public void user_completes_captcha_and_otp_verification() {
    // Write code here that turns the phrase above into concrete actions
    throw new io.cucumber.java.PendingException();
}
@Given("user launches booking homepage for flights")
public void user_launches_booking_homepage_for_flights() {
    // Write code here that turns the phrase above into concrete actions
    throw new io.cucumber.java.PendingException();
}
@When("user opens flights section")
public void user_opens_flights_section() {
    // Write code here that turns the phrase above into concrete actions
    throw new io.cucumber.java.PendingException();
}
@When("user chooses one way trip option")
public void user_chooses_one_way_trip_option() {
    // Write code here that turns the phrase above into concrete actions
    throw new io.cucumber.java.PendingException();
}
@When("user selects multiple departure locations")
public void user_selects_multiple_departure_locations() {
    // Write code here that turns the phrase above into concrete actions
    throw new io.cucumber.java.PendingException();
}
@When("user selects multiple destination locations")
public void user_selects_multiple_destination_locations() {
    // Write code here that turns the phrase above into concrete actions
    throw new io.cucumber.java.PendingException();
}
@When("user picks travel date")
public void user_picks_travel_date() {
    // Write code here that turns the phrase above into concrete actions
    throw new io.cucumber.java.PendingException();
}
@When("user configures travellers and children ages")
public void user_configures_travellers_and_children_ages() {
    // Write code here that turns the phrase above into concrete actions
    throw new io.cucumber.java.PendingException();
}
@When("user triggers flight search")
public void user_triggers_flight_search() {
    // Write code here that turns the phrase above into concrete actions
    throw new io.cucumber.java.PendingException();
}
@Then("user views available flight results")
public void user_views_available_flight_results() {
    // Write code here that turns the phrase above into concrete actions
    throw new io.cucumber.java.PendingException();
}
@Then("user selects first flight and proceeds")
public void user_selects_first_flight_and_proceeds() {
    // Write code here that turns the phrase above into concrete actions
    throw new io.cucumber.java.PendingException();
}
@Then("user lands on traveller details section")
public void user_lands_on_traveller_details_section() {
    // Write code here that turns the phrase above into concrete actions
    throw new io.cucumber.java.PendingException();
}
@When("user fills traveller personal information")
public void user_fills_traveller_personal_information() {
    // Write code here that turns the phrase above into concrete actions
    throw new io.cucumber.java.PendingException();
}
@When("user fills contact information and proceeds")
public void user_fills_contact_information_and_proceeds() {
    // Write code here that turns the phrase above into concrete actions
    throw new io.cucumber.java.PendingException();
}
@When("user selects ticket type and proceeds")
public void user_selects_ticket_type_and_proceeds() {
    // Write code here that turns the phrase above into concrete actions
    throw new io.cucumber.java.PendingException();
}
@When("user skips seat selection")
public void user_skips_seat_selection() {
    // Write code here that turns the phrase above into concrete actions
    throw new io.cucumber.java.PendingException();
}
@Then("user reaches payment section")
public void user_reaches_payment_section() {
    // Write code here that turns the phrase above into concrete actions
    throw new io.cucumber.java.PendingException();
}

at ✽.user opens booking homepage for registration(file:///C:/SeleniumCapgeminiTraining/Group4_sprint/src/test/java/featureFile/FT_EndToEndBooking.feature:4)
]]>
    </error>
  </testcase> <!-- runScenario -->
</testsuite> <!-- testRunner.TestRunnerIO -->
